[debug] [2021-09-04T12:21:58.767Z] ----------------------------------------------------------------------
[debug] [2021-09-04T12:21:58.769Z] Command:       C:\Program Files\nodejs\node.exe C:\Users\Admin\AppData\Roaming\npm\node_modules\firebase-tools\lib\bin\firebase.js init
[debug] [2021-09-04T12:21:58.769Z] CLI Version:   9.17.0
[debug] [2021-09-04T12:21:58.769Z] Platform:      win32
[debug] [2021-09-04T12:21:58.769Z] Node Version:  v12.19.0
[debug] [2021-09-04T12:21:58.770Z] Time:          Sat Sep 04 2021 19:21:58 GMT+0700 (Indochina Time)
[debug] [2021-09-04T12:21:58.770Z] ----------------------------------------------------------------------
[debug] 
[debug] [2021-09-04T12:21:58.823Z] > command requires scopes: ["email","openid","https://www.googleapis.com/auth/cloudplatformprojects.readonly","https://www.googleapis.com/auth/firebase","https://www.googleapis.com/auth/cloud-platform"]
[debug] [2021-09-04T12:21:58.823Z] > authorizing via signed-in user (rong3vip@gmail.com)
[info] 
     ######## #### ########  ######## ########     ###     ######  ########
     ##        ##  ##     ## ##       ##     ##  ##   ##  ##       ##
     ######    ##  ########  ######   ########  #########  ######  ######
     ##        ##  ##    ##  ##       ##     ## ##     ##       ## ##
     ##       #### ##     ## ######## ########  ##     ##  ######  ########

You're about to initialize a Firebase project in this directory:

  D:\Unicorn\Facebook_v1-main\Facebook_v1-main

Before we get started, keep in mind:

  * You are initializing within an existing Firebase project directory

[info] 
=== Project Setup
[info] 
[info] First, let's associate this project directory with a Firebase project.
[info] You can create multiple project aliases by running firebase use --add, 
[info] but for now we'll just set up a default project.
[info] 
[info] i  .firebaserc already has a default project, using facebook-rong3. 
[debug] [2021-09-04T12:22:10.031Z] >>> [apiv2][query] GET https://firebase.googleapis.com/v1beta1/projects/facebook-rong3 [none]
[debug] [2021-09-04T12:22:10.441Z] <<< [apiv2][status] GET https://firebase.googleapis.com/v1beta1/projects/facebook-rong3 200
[debug] [2021-09-04T12:22:10.442Z] <<< [apiv2][body] GET https://firebase.googleapis.com/v1beta1/projects/facebook-rong3 {"projectId":"facebook-rong3","projectNumber":"356186632260","displayName":"facebook-rong3","name":"projects/facebook-rong3","resources":{"hostingSite":"facebook-rong3","realtimeDatabaseInstance":"facebook-rong3-default-rtdb","storageBucket":"facebook-rong3.appspot.com","locationId":"asia-southeast1"},"state":"ACTIVE"}
[info] 
=== Hosting Setup
[info] 
[info] Your public directory is the folder (relative to your project directory) that
[info] will contain Hosting assets to be uploaded with firebase deploy. If you
[info] have a build process for your assets, use your build's output directory.
[info] 
